Determining if the pthread_create exist failed with the following output:
Change Dir: /home/yyz/yyz/test/socket/build/CMakeFiles/CMakeTmp

Run Build Command:"/usr/bin/make" "cmTC_0fad3/fast"
/usr/bin/make -f CMakeFiles/cmTC_0fad3.dir/build.make CMakeFiles/cmTC_0fad3.dir/build
make[1]: Entering directory '/home/yyz/yyz/test/socket/build/CMakeFiles/CMakeTmp'
Building C object CMakeFiles/cmTC_0fad3.dir/CheckSymbolExists.c.o
/usr/bin/cc     -o CMakeFiles/cmTC_0fad3.dir/CheckSymbolExists.c.o   -c /home/yyz/yyz/test/socket/build/CMakeFiles/CMakeTmp/CheckSymbolExists.c
Linking C executable cmTC_0fad3
/usr/local/bin/cmake -E cmake_link_script CMakeFiles/cmTC_0fad3.dir/link.txt --verbose=1
/usr/bin/cc       CMakeFiles/cmTC_0fad3.dir/CheckSymbolExists.c.o  -o cmTC_0fad3 
CMakeFiles/cmTC_0fad3.dir/CheckSymbolExists.c.o：在函数‘main’中：
CheckSymbolExists.c:(.text+0x16)：对‘pthread_create’未定义的引用
collect2: error: ld returned 1 exit status
CMakeFiles/cmTC_0fad3.dir/build.make:97: recipe for target 'cmTC_0fad3' failed
make[1]: *** [cmTC_0fad3] Error 1
make[1]: Leaving directory '/home/yyz/yyz/test/socket/build/CMakeFiles/CMakeTmp'
Makefile:126: recipe for target 'cmTC_0fad3/fast' failed
make: *** [cmTC_0fad3/fast] Error 2

File /home/yyz/yyz/test/socket/build/CMakeFiles/CMakeTmp/CheckSymbolExists.c:
/* */
#include <pthread.h>

int main(int argc, char** argv)
{
  (void)argv;
#ifndef pthread_create
  return ((int*)(&pthread_create))[argc];
#else
  (void)argc;
  return 0;
#endif
}

Determining if the function pthread_create exists in the pthreads failed with the following output:
Change Dir: /home/yyz/yyz/test/socket/build/CMakeFiles/CMakeTmp

Run Build Command:"/usr/bin/make" "cmTC_98737/fast"
/usr/bin/make -f CMakeFiles/cmTC_98737.dir/build.make CMakeFiles/cmTC_98737.dir/build
make[1]: Entering directory '/home/yyz/yyz/test/socket/build/CMakeFiles/CMakeTmp'
Building C object CMakeFiles/cmTC_98737.dir/CheckFunctionExists.c.o
/usr/bin/cc    -DCHECK_FUNCTION_EXISTS=pthread_create   -o CMakeFiles/cmTC_98737.dir/CheckFunctionExists.c.o   -c /usr/local/share/cmake-3.5/Modules/CheckFunctionExists.c
Linking C executable cmTC_98737
/usr/local/bin/cmake -E cmake_link_script CMakeFiles/cmTC_98737.dir/link.txt --verbose=1
/usr/bin/cc   -DCHECK_FUNCTION_EXISTS=pthread_create    CMakeFiles/cmTC_98737.dir/CheckFunctionExists.c.o  -o cmTC_98737 -lpthreads 
/usr/bin/ld: 找不到 -lpthreads
collect2: error: ld returned 1 exit status
CMakeFiles/cmTC_98737.dir/build.make:97: recipe for target 'cmTC_98737' failed
make[1]: *** [cmTC_98737] Error 1
make[1]: Leaving directory '/home/yyz/yyz/test/socket/build/CMakeFiles/CMakeTmp'
Makefile:126: recipe for target 'cmTC_98737/fast' failed
make: *** [cmTC_98737/fast] Error 2


Determining if the pthread_create exist failed with the following output:
Change Dir: /home/yyz/yyz/test/TCP/UDP/socket/build/CMakeFiles/CMakeTmp

Run Build Command:"/usr/bin/make" "cmTC_5f63f/fast"
/usr/bin/make -f CMakeFiles/cmTC_5f63f.dir/build.make CMakeFiles/cmTC_5f63f.dir/build
make[1]: Entering directory '/home/yyz/yyz/test/TCP/UDP/socket/build/CMakeFiles/CMakeTmp'
Building C object CMakeFiles/cmTC_5f63f.dir/CheckSymbolExists.c.o
/usr/bin/cc     -o CMakeFiles/cmTC_5f63f.dir/CheckSymbolExists.c.o   -c /home/yyz/yyz/test/TCP/UDP/socket/build/CMakeFiles/CMakeTmp/CheckSymbolExists.c
Linking C executable cmTC_5f63f
/usr/local/bin/cmake -E cmake_link_script CMakeFiles/cmTC_5f63f.dir/link.txt --verbose=1
/usr/bin/cc       CMakeFiles/cmTC_5f63f.dir/CheckSymbolExists.c.o  -o cmTC_5f63f 
CMakeFiles/cmTC_5f63f.dir/CheckSymbolExists.c.o：在函数‘main’中：
CheckSymbolExists.c:(.text+0x16)：对‘pthread_create’未定义的引用
collect2: error: ld returned 1 exit status
CMakeFiles/cmTC_5f63f.dir/build.make:97: recipe for target 'cmTC_5f63f' failed
make[1]: *** [cmTC_5f63f] Error 1
make[1]: Leaving directory '/home/yyz/yyz/test/TCP/UDP/socket/build/CMakeFiles/CMakeTmp'
Makefile:126: recipe for target 'cmTC_5f63f/fast' failed
make: *** [cmTC_5f63f/fast] Error 2

File /home/yyz/yyz/test/TCP/UDP/socket/build/CMakeFiles/CMakeTmp/CheckSymbolExists.c:
/* */
#include <pthread.h>

int main(int argc, char** argv)
{
  (void)argv;
#ifndef pthread_create
  return ((int*)(&pthread_create))[argc];
#else
  (void)argc;
  return 0;
#endif
}

Determining if the function pthread_create exists in the pthreads failed with the following output:
Change Dir: /home/yyz/yyz/test/TCP/UDP/socket/build/CMakeFiles/CMakeTmp

Run Build Command:"/usr/bin/make" "cmTC_e87d6/fast"
/usr/bin/make -f CMakeFiles/cmTC_e87d6.dir/build.make CMakeFiles/cmTC_e87d6.dir/build
make[1]: Entering directory '/home/yyz/yyz/test/TCP/UDP/socket/build/CMakeFiles/CMakeTmp'
Building C object CMakeFiles/cmTC_e87d6.dir/CheckFunctionExists.c.o
/usr/bin/cc    -DCHECK_FUNCTION_EXISTS=pthread_create   -o CMakeFiles/cmTC_e87d6.dir/CheckFunctionExists.c.o   -c /usr/local/share/cmake-3.5/Modules/CheckFunctionExists.c
Linking C executable cmTC_e87d6
/usr/local/bin/cmake -E cmake_link_script CMakeFiles/cmTC_e87d6.dir/link.txt --verbose=1
/usr/bin/cc   -DCHECK_FUNCTION_EXISTS=pthread_create    CMakeFiles/cmTC_e87d6.dir/CheckFunctionExists.c.o  -o cmTC_e87d6 -lpthreads 
/usr/bin/ld: 找不到 -lpthreads
collect2: error: ld returned 1 exit status
CMakeFiles/cmTC_e87d6.dir/build.make:97: recipe for target 'cmTC_e87d6' failed
make[1]: *** [cmTC_e87d6] Error 1
make[1]: Leaving directory '/home/yyz/yyz/test/TCP/UDP/socket/build/CMakeFiles/CMakeTmp'
Makefile:126: recipe for target 'cmTC_e87d6/fast' failed
make: *** [cmTC_e87d6/fast] Error 2


Determining if the pthread_create exist failed with the following output:
Change Dir: /home/yyz/yyz/test/TCP/UDP/socket/build/CMakeFiles/CMakeTmp

Run Build Command:"/usr/bin/make" "cmTC_19a6a/fast"
/usr/bin/make -f CMakeFiles/cmTC_19a6a.dir/build.make CMakeFiles/cmTC_19a6a.dir/build
make[1]: Entering directory '/home/yyz/yyz/test/TCP/UDP/socket/build/CMakeFiles/CMakeTmp'
Building C object CMakeFiles/cmTC_19a6a.dir/CheckSymbolExists.c.o
/usr/bin/cc     -o CMakeFiles/cmTC_19a6a.dir/CheckSymbolExists.c.o   -c /home/yyz/yyz/test/TCP/UDP/socket/build/CMakeFiles/CMakeTmp/CheckSymbolExists.c
Linking C executable cmTC_19a6a
/usr/local/bin/cmake -E cmake_link_script CMakeFiles/cmTC_19a6a.dir/link.txt --verbose=1
/usr/bin/cc       CMakeFiles/cmTC_19a6a.dir/CheckSymbolExists.c.o  -o cmTC_19a6a 
CMakeFiles/cmTC_19a6a.dir/CheckSymbolExists.c.o：在函数‘main’中：
CheckSymbolExists.c:(.text+0x16)：对‘pthread_create’未定义的引用
collect2: error: ld returned 1 exit status
CMakeFiles/cmTC_19a6a.dir/build.make:97: recipe for target 'cmTC_19a6a' failed
make[1]: *** [cmTC_19a6a] Error 1
make[1]: Leaving directory '/home/yyz/yyz/test/TCP/UDP/socket/build/CMakeFiles/CMakeTmp'
Makefile:126: recipe for target 'cmTC_19a6a/fast' failed
make: *** [cmTC_19a6a/fast] Error 2

File /home/yyz/yyz/test/TCP/UDP/socket/build/CMakeFiles/CMakeTmp/CheckSymbolExists.c:
/* */
#include <pthread.h>

int main(int argc, char** argv)
{
  (void)argv;
#ifndef pthread_create
  return ((int*)(&pthread_create))[argc];
#else
  (void)argc;
  return 0;
#endif
}

Determining if the function pthread_create exists in the pthreads failed with the following output:
Change Dir: /home/yyz/yyz/test/TCP/UDP/socket/build/CMakeFiles/CMakeTmp

Run Build Command:"/usr/bin/make" "cmTC_dd300/fast"
/usr/bin/make -f CMakeFiles/cmTC_dd300.dir/build.make CMakeFiles/cmTC_dd300.dir/build
make[1]: Entering directory '/home/yyz/yyz/test/TCP/UDP/socket/build/CMakeFiles/CMakeTmp'
Building C object CMakeFiles/cmTC_dd300.dir/CheckFunctionExists.c.o
/usr/bin/cc    -DCHECK_FUNCTION_EXISTS=pthread_create   -o CMakeFiles/cmTC_dd300.dir/CheckFunctionExists.c.o   -c /usr/local/share/cmake-3.5/Modules/CheckFunctionExists.c
Linking C executable cmTC_dd300
/usr/local/bin/cmake -E cmake_link_script CMakeFiles/cmTC_dd300.dir/link.txt --verbose=1
/usr/bin/cc   -DCHECK_FUNCTION_EXISTS=pthread_create    CMakeFiles/cmTC_dd300.dir/CheckFunctionExists.c.o  -o cmTC_dd300 -lpthreads 
/usr/bin/ld: 找不到 -lpthreads
collect2: error: ld returned 1 exit status
CMakeFiles/cmTC_dd300.dir/build.make:97: recipe for target 'cmTC_dd300' failed
make[1]: *** [cmTC_dd300] Error 1
make[1]: Leaving directory '/home/yyz/yyz/test/TCP/UDP/socket/build/CMakeFiles/CMakeTmp'
Makefile:126: recipe for target 'cmTC_dd300/fast' failed
make: *** [cmTC_dd300/fast] Error 2


