Determining if the pthread_create exist failed with the following output:
Change Dir: /home/yyz/yyz/test/spdlog/build/CMakeFiles/CMakeTmp

Run Build Command:"/usr/bin/make" "cmTC_1e87f/fast"
/usr/bin/make -f CMakeFiles/cmTC_1e87f.dir/build.make CMakeFiles/cmTC_1e87f.dir/build
make[1]: Entering directory '/home/yyz/yyz/test/spdlog/build/CMakeFiles/CMakeTmp'
Building CXX object CMakeFiles/cmTC_1e87f.dir/CheckSymbolExists.cxx.o
/usr/bin/c++     -Wall -g -std=c++11 -I./    -o CMakeFiles/cmTC_1e87f.dir/CheckSymbolExists.cxx.o -c /home/yyz/yyz/test/spdlog/build/CMakeFiles/CMakeTmp/CheckSymbolExists.cxx
Linking CXX executable cmTC_1e87f
/usr/local/bin/cmake -E cmake_link_script CMakeFiles/cmTC_1e87f.dir/link.txt --verbose=1
/usr/bin/c++   -Wall -g -std=c++11 -I./     CMakeFiles/cmTC_1e87f.dir/CheckSymbolExists.cxx.o  -o cmTC_1e87f 
CMakeFiles/cmTC_1e87f.dir/CheckSymbolExists.cxx.o：在函数‘main’中：
/home/yyz/yyz/test/spdlog/build/CMakeFiles/CMakeTmp/CheckSymbolExists.cxx:8：对‘pthread_create’未定义的引用
collect2: error: ld returned 1 exit status
CMakeFiles/cmTC_1e87f.dir/build.make:97: recipe for target 'cmTC_1e87f' failed
make[1]: *** [cmTC_1e87f] Error 1
make[1]: Leaving directory '/home/yyz/yyz/test/spdlog/build/CMakeFiles/CMakeTmp'
Makefile:126: recipe for target 'cmTC_1e87f/fast' failed
make: *** [cmTC_1e87f/fast] Error 2

File /home/yyz/yyz/test/spdlog/build/CMakeFiles/CMakeTmp/CheckSymbolExists.cxx:
/* */
#include <pthread.h>

int main(int argc, char** argv)
{
  (void)argv;
#ifndef pthread_create
  return ((int*)(&pthread_create))[argc];
#else
  (void)argc;
  return 0;
#endif
}

Determining if the function pthread_create exists in the pthreads failed with the following output:
Change Dir: /home/yyz/yyz/test/spdlog/build/CMakeFiles/CMakeTmp

Run Build Command:"/usr/bin/make" "cmTC_c4905/fast"
/usr/bin/make -f CMakeFiles/cmTC_c4905.dir/build.make CMakeFiles/cmTC_c4905.dir/build
make[1]: Entering directory '/home/yyz/yyz/test/spdlog/build/CMakeFiles/CMakeTmp'
Building CXX object CMakeFiles/cmTC_c4905.dir/CheckFunctionExists.cxx.o
/usr/bin/c++     -Wall -g -std=c++11 -I./ -DCHECK_FUNCTION_EXISTS=pthread_create   -o CMakeFiles/cmTC_c4905.dir/CheckFunctionExists.cxx.o -c /home/yyz/yyz/test/spdlog/build/CMakeFiles/CheckLibraryExists/CheckFunctionExists.cxx
Linking CXX executable cmTC_c4905
/usr/local/bin/cmake -E cmake_link_script CMakeFiles/cmTC_c4905.dir/link.txt --verbose=1
/usr/bin/c++   -Wall -g -std=c++11 -I./ -DCHECK_FUNCTION_EXISTS=pthread_create    CMakeFiles/cmTC_c4905.dir/CheckFunctionExists.cxx.o  -o cmTC_c4905 -lpthreads 
/usr/bin/ld: 找不到 -lpthreads
collect2: error: ld returned 1 exit status
CMakeFiles/cmTC_c4905.dir/build.make:97: recipe for target 'cmTC_c4905' failed
make[1]: *** [cmTC_c4905] Error 1
make[1]: Leaving directory '/home/yyz/yyz/test/spdlog/build/CMakeFiles/CMakeTmp'
Makefile:126: recipe for target 'cmTC_c4905/fast' failed
make: *** [cmTC_c4905/fast] Error 2


