Determining if the pthread_create exist failed with the following output:
Change Dir: /home/yyz/yyz/test/threadPool/build/CMakeFiles/CMakeTmp

Run Build Command:"/usr/bin/make" "cmTC_c0f4a/fast"
/usr/bin/make -f CMakeFiles/cmTC_c0f4a.dir/build.make CMakeFiles/cmTC_c0f4a.dir/build
make[1]: Entering directory '/home/yyz/yyz/test/threadPool/build/CMakeFiles/CMakeTmp'
Building CXX object CMakeFiles/cmTC_c0f4a.dir/CheckSymbolExists.cxx.o
/usr/bin/c++     -Wall -g -std=c++17    -o CMakeFiles/cmTC_c0f4a.dir/CheckSymbolExists.cxx.o -c /home/yyz/yyz/test/threadPool/build/CMakeFiles/CMakeTmp/CheckSymbolExists.cxx
Linking CXX executable cmTC_c0f4a
/usr/local/bin/cmake -E cmake_link_script CMakeFiles/cmTC_c0f4a.dir/link.txt --verbose=1
/usr/bin/c++   -Wall -g -std=c++17     CMakeFiles/cmTC_c0f4a.dir/CheckSymbolExists.cxx.o  -o cmTC_c0f4a 
CMakeFiles/cmTC_c0f4a.dir/CheckSymbolExists.cxx.o：在函数‘main’中：
/home/yyz/yyz/test/threadPool/build/CMakeFiles/CMakeTmp/CheckSymbolExists.cxx:8：对‘pthread_create’未定义的引用
collect2: error: ld returned 1 exit status
CMakeFiles/cmTC_c0f4a.dir/build.make:97: recipe for target 'cmTC_c0f4a' failed
make[1]: *** [cmTC_c0f4a] Error 1
make[1]: Leaving directory '/home/yyz/yyz/test/threadPool/build/CMakeFiles/CMakeTmp'
Makefile:126: recipe for target 'cmTC_c0f4a/fast' failed
make: *** [cmTC_c0f4a/fast] Error 2

File /home/yyz/yyz/test/threadPool/build/CMakeFiles/CMakeTmp/CheckSymbolExists.cxx:
/* */
#include <pthread.h>

int main(int argc, char** argv)
{
  (void)argv;
#ifndef pthread_create
  return ((int*)(&pthread_create))[argc];
#else
  (void)argc;
  return 0;
#endif
}

