Determining if the pthread_create exist failed with the following output:
Change Dir: /home/yyz/yyz/test/build/CMakeFiles/CMakeTmp

Run Build Command:"/usr/bin/make" "cmTC_4289a/fast"
/usr/bin/make -f CMakeFiles/cmTC_4289a.dir/build.make CMakeFiles/cmTC_4289a.dir/build
make[1]: Entering directory '/home/yyz/yyz/test/build/CMakeFiles/CMakeTmp'
Building CXX object CMakeFiles/cmTC_4289a.dir/CheckSymbolExists.cxx.o
/usr/bin/c++     -Wall -g -std=c++11    -o CMakeFiles/cmTC_4289a.dir/CheckSymbolExists.cxx.o -c /home/yyz/yyz/test/build/CMakeFiles/CMakeTmp/CheckSymbolExists.cxx
Linking CXX executable cmTC_4289a
/usr/local/bin/cmake -E cmake_link_script CMakeFiles/cmTC_4289a.dir/link.txt --verbose=1
/usr/bin/c++   -Wall -g -std=c++11     CMakeFiles/cmTC_4289a.dir/CheckSymbolExists.cxx.o  -o cmTC_4289a 
CMakeFiles/cmTC_4289a.dir/CheckSymbolExists.cxx.o：在函数‘main’中：
/home/yyz/yyz/test/build/CMakeFiles/CMakeTmp/CheckSymbolExists.cxx:8：对‘pthread_create’未定义的引用
collect2: error: ld returned 1 exit status
CMakeFiles/cmTC_4289a.dir/build.make:97: recipe for target 'cmTC_4289a' failed
make[1]: *** [cmTC_4289a] Error 1
make[1]: Leaving directory '/home/yyz/yyz/test/build/CMakeFiles/CMakeTmp'
Makefile:126: recipe for target 'cmTC_4289a/fast' failed
make: *** [cmTC_4289a/fast] Error 2

File /home/yyz/yyz/test/build/CMakeFiles/CMakeTmp/CheckSymbolExists.cxx:
/* */
#include <pthread.h>

int main(int argc, char** argv)
{
  (void)argv;
#ifndef pthread_create
  return ((int*)(&pthread_create))[argc];
#else
  (void)argc;
  return 0;
#endif
}

Determining if the function pthread_create exists in the pthreads failed with the following output:
Change Dir: /home/yyz/yyz/test/build/CMakeFiles/CMakeTmp

Run Build Command:"/usr/bin/make" "cmTC_18a59/fast"
/usr/bin/make -f CMakeFiles/cmTC_18a59.dir/build.make CMakeFiles/cmTC_18a59.dir/build
make[1]: Entering directory '/home/yyz/yyz/test/build/CMakeFiles/CMakeTmp'
Building CXX object CMakeFiles/cmTC_18a59.dir/CheckFunctionExists.cxx.o
/usr/bin/c++     -Wall -g -std=c++11 -DCHECK_FUNCTION_EXISTS=pthread_create   -o CMakeFiles/cmTC_18a59.dir/CheckFunctionExists.cxx.o -c /home/yyz/yyz/test/build/CMakeFiles/CheckLibraryExists/CheckFunctionExists.cxx
Linking CXX executable cmTC_18a59
/usr/local/bin/cmake -E cmake_link_script CMakeFiles/cmTC_18a59.dir/link.txt --verbose=1
/usr/bin/c++   -Wall -g -std=c++11 -DCHECK_FUNCTION_EXISTS=pthread_create    CMakeFiles/cmTC_18a59.dir/CheckFunctionExists.cxx.o  -o cmTC_18a59 -lpthreads 
/usr/bin/ld: 找不到 -lpthreads
collect2: error: ld returned 1 exit status
CMakeFiles/cmTC_18a59.dir/build.make:97: recipe for target 'cmTC_18a59' failed
make[1]: *** [cmTC_18a59] Error 1
make[1]: Leaving directory '/home/yyz/yyz/test/build/CMakeFiles/CMakeTmp'
Makefile:126: recipe for target 'cmTC_18a59/fast' failed
make: *** [cmTC_18a59/fast] Error 2


