Determining if the pthread_create exist failed with the following output:
Change Dir: /home/yyz/yyz/test/btManage/build/CMakeFiles/CMakeTmp

Run Build Command:"/usr/bin/make" "cmTC_7f206/fast"
/usr/bin/make -f CMakeFiles/cmTC_7f206.dir/build.make CMakeFiles/cmTC_7f206.dir/build
make[1]: Entering directory '/home/yyz/yyz/test/btManage/build/CMakeFiles/CMakeTmp'
Building CXX object CMakeFiles/cmTC_7f206.dir/CheckSymbolExists.cxx.o
/usr/bin/c++     -Wall -g -std=c++11    -o CMakeFiles/cmTC_7f206.dir/CheckSymbolExists.cxx.o -c /home/yyz/yyz/test/btManage/build/CMakeFiles/CMakeTmp/CheckSymbolExists.cxx
Linking CXX executable cmTC_7f206
/usr/local/bin/cmake -E cmake_link_script CMakeFiles/cmTC_7f206.dir/link.txt --verbose=1
/usr/bin/c++   -Wall -g -std=c++11     CMakeFiles/cmTC_7f206.dir/CheckSymbolExists.cxx.o  -o cmTC_7f206 
CMakeFiles/cmTC_7f206.dir/CheckSymbolExists.cxx.o：在函数‘main’中：
/home/yyz/yyz/test/btManage/build/CMakeFiles/CMakeTmp/CheckSymbolExists.cxx:8：对‘pthread_create’未定义的引用
collect2: error: ld returned 1 exit status
CMakeFiles/cmTC_7f206.dir/build.make:97: recipe for target 'cmTC_7f206' failed
make[1]: *** [cmTC_7f206] Error 1
make[1]: Leaving directory '/home/yyz/yyz/test/btManage/build/CMakeFiles/CMakeTmp'
Makefile:126: recipe for target 'cmTC_7f206/fast' failed
make: *** [cmTC_7f206/fast] Error 2

File /home/yyz/yyz/test/btManage/build/CMakeFiles/CMakeTmp/CheckSymbolExists.cxx:
/* */
#include <pthread.h>

int main(int argc, char** argv)
{
  (void)argv;
#ifndef pthread_create
  return ((int*)(&pthread_create))[argc];
#else
  (void)argc;
  return 0;
#endif
}

Determining if the function pthread_create exists in the pthreads failed with the following output:
Change Dir: /home/yyz/yyz/test/btManage/build/CMakeFiles/CMakeTmp

Run Build Command:"/usr/bin/make" "cmTC_e274c/fast"
/usr/bin/make -f CMakeFiles/cmTC_e274c.dir/build.make CMakeFiles/cmTC_e274c.dir/build
make[1]: Entering directory '/home/yyz/yyz/test/btManage/build/CMakeFiles/CMakeTmp'
Building CXX object CMakeFiles/cmTC_e274c.dir/CheckFunctionExists.cxx.o
/usr/bin/c++     -Wall -g -std=c++11 -DCHECK_FUNCTION_EXISTS=pthread_create   -o CMakeFiles/cmTC_e274c.dir/CheckFunctionExists.cxx.o -c /home/yyz/yyz/test/btManage/build/CMakeFiles/CheckLibraryExists/CheckFunctionExists.cxx
Linking CXX executable cmTC_e274c
/usr/local/bin/cmake -E cmake_link_script CMakeFiles/cmTC_e274c.dir/link.txt --verbose=1
/usr/bin/c++   -Wall -g -std=c++11 -DCHECK_FUNCTION_EXISTS=pthread_create    CMakeFiles/cmTC_e274c.dir/CheckFunctionExists.cxx.o  -o cmTC_e274c -lpthreads 
/usr/bin/ld: 找不到 -lpthreads
collect2: error: ld returned 1 exit status
CMakeFiles/cmTC_e274c.dir/build.make:97: recipe for target 'cmTC_e274c' failed
make[1]: *** [cmTC_e274c] Error 1
make[1]: Leaving directory '/home/yyz/yyz/test/btManage/build/CMakeFiles/CMakeTmp'
Makefile:126: recipe for target 'cmTC_e274c/fast' failed
make: *** [cmTC_e274c/fast] Error 2


